<?xml version="1.0" encoding="UTF-8"?>
<!-- Generated by org.testng.reporters.JUnitXMLReporter -->
<testsuite ignored="0" hostname="DESKTOP-3I3MJBS" failures="0" tests="5" name="Chrome Test" time="7.793" errors="0" timestamp="13 Feb 2019 10:51:39 GMT">
  <testcase classname="demo.CBT" name="verifyTitle" time="0.013"/>
  <testcase classname="demo.CBT" name="verifySignInBtnVisibility" time="0.083"/>
  <testcase classname="demo.CBT" name="verifyText" time="0.047"/>
  <testcase classname="demo.CBT" name="verifySearchBtnStatusBeforeText" time="0.069"/>
  <testcase classname="demo.CBT" name="verifySearchBtnStatusAfterText" time="0.209"/>
</testsuite> <!-- Chrome Test -->
