<?xml version="1.0" encoding="UTF-8"?>
<!-- Generated by org.testng.reporters.JUnitXMLReporter -->
<testsuite ignored="0" hostname="DESKTOP-3I3MJBS" failures="0" tests="5" name="IE Test" time="52.311" errors="0" timestamp="13 Feb 2019 10:52:24 GMT">
  <testcase classname="demo.CBT" name="verifyTitle" time="0.08"/>
  <testcase classname="demo.CBT" name="verifySignInBtnVisibility" time="0.517"/>
  <testcase classname="demo.CBT" name="verifyText" time="0.296"/>
  <testcase classname="demo.CBT" name="verifySearchBtnStatusBeforeText" time="0.489"/>
  <testcase classname="demo.CBT" name="verifySearchBtnStatusAfterText" time="46.673"/>
</testsuite> <!-- IE Test -->
