<?xml version="1.0" encoding="UTF-8"?>
<!-- Generated by org.testng.reporters.JUnitXMLReporter -->
<testsuite ignored="0" hostname="DESKTOP-3I3MJBS" failures="0" tests="6" name="Test" time="19.68" errors="0" timestamp="13 Feb 2019 09:16:07 GMT">
  <testcase classname="demo.VerifyTitle" name="titleVerification" time="0.05"/>
  <testcase classname="demo.MultipleValidations" name="verifyTitle" time="0.019"/>
  <testcase classname="demo.MultipleValidations" name="verifySignInBtnVisibility" time="0.073"/>
  <testcase classname="demo.MultipleValidations" name="verifyText" time="0.068"/>
  <testcase classname="demo.MultipleValidations" name="verifySearchBtnStatusBeforeText" time="0.068"/>
  <testcase classname="demo.MultipleValidations" name="verifySearchBtnStatusAfterText" time="0.205"/>
</testsuite> <!-- Test -->
