<?xml version="1.0" encoding="UTF-8"?>
<!-- Generated by org.testng.reporters.JUnitXMLReporter -->
<testsuite ignored="2" hostname="DESKTOP-3I3MJBS" failures="0" tests="4" name="Test" time="72.416" errors="0" timestamp="14 Feb 2019 09:10:49 GMT">
  <testcase classname="com.salesforce.test.SalesforceDreamHouse.Annotations" name="test1" time="0.176"/>
  <testcase classname="com.salesforce.test.SalesforceDreamHouse.Annotations" name="test2" time="0.007"/>
  <testcase classname="com.salesforce.test.SalesforceDreamHouse.InvalidDateTest" name="invalidDateTest" time="18.836"/>
  <testcase classname="com.salesforce.test.SalesforceDreamHouse.PropertyCreationTest" name="createPropertyTest" time="22.506"/>
  <testcase classname="com.salesforce.test.SalesforceDreamHouse.BaseTest" name="@AfterSuite tearDown" time="0.0">
    <ignored/>
  </testcase> <!-- @AfterSuite tearDown -->
  <testcase classname="com.salesforce.test.SalesforceDreamHouse.BaseTest" name="@AfterSuite tearDown" time="0.0">
    <ignored/>
  </testcase> <!-- @AfterSuite tearDown -->
</testsuite> <!-- Test -->
